\BOOKMARK [1][-]{section.1}{\376\377\000I\000n\000t\000r\000o\000d\000u\000c\000c\000i\000\363\000n}{}% 1
\BOOKMARK [2][-]{subsection.1.1}{\376\377\000E\000s\000p\000e\000c\000i\000f\000i\000c\000a\000c\000i\000o\000n\000e\000s\000\040\000i\000n\000i\000c\000i\000a\000l\000e\000s\000\040\000d\000e\000l\000\040\000s\000i\000s\000t\000e\000m\000a\000\040\000a\000\040\000d\000i\000s\000e\000\361\000a\000r\000\040\000y\000\040\000c\000o\000n\000s\000t\000r\000u\000i\000r}{section.1}% 2
\BOOKMARK [2][-]{subsection.1.2}{\376\377\000E\000s\000p\000e\000c\000i\000f\000i\000c\000a\000c\000i\000o\000n\000e\000s\000\040\000f\000i\000n\000a\000l\000e\000s\000\040\000d\000e\000l\000\040\000s\000i\000s\000t\000e\000m\000a\000\040\000d\000i\000s\000e\000\361\000a\000d\000o\000\040\000y\000\040\000c\000o\000n\000s\000t\000r\000u\000i\000d\000o}{section.1}% 3
\BOOKMARK [1][-]{section.2}{\376\377\000D\000e\000s\000a\000r\000r\000o\000l\000l\000o\000\040\000d\000e\000\040\000s\000u\000b\000s\000i\000s\000t\000e\000m\000a\000s}{}% 4
\BOOKMARK [2][-]{subsection.2.1}{\376\377\000S\000u\000b\000s\000i\000s\000t\000e\000m\000a\000\040\000d\000e\000\040\000a\000l\000i\000m\000e\000n\000t\000a\000c\000i\000\363\000n}{section.2}% 5
\BOOKMARK [2][-]{subsection.2.2}{\376\377\000S\000u\000b\000s\000i\000s\000t\000e\000m\000a\000\040\000d\000e\000\040\000a\000u\000d\000i\000o}{section.2}% 6
\BOOKMARK [2][-]{subsection.2.3}{\376\377\000M\000\363\000d\000u\000l\000o\000\040\000d\000e\000\040\000r\000a\000d\000i\000o}{section.2}% 7
\BOOKMARK [2][-]{subsection.2.4}{\376\377\000M\000\363\000d\000u\000l\000o\000\040\000M\000P\0003}{section.2}% 8
\BOOKMARK [2][-]{subsection.2.5}{\376\377\000M\000\363\000d\000u\000l\000o\000\040\000N\000F\000C}{section.2}% 9
\BOOKMARK [2][-]{subsection.2.6}{\376\377\000E\000n\000t\000r\000e\000\040\000D\000o\000s\000\040\000T\000i\000e\000r\000r\000a\000s}{section.2}% 10
\BOOKMARK [1][-]{section.3}{\376\377\000S\000o\000f\000t\000w\000a\000r\000e}{}% 11
\BOOKMARK [2][-]{subsection.3.1}{\376\377\000I\000n\000t\000e\000r\000f\000a\000z\000\040\000d\000e\000\040\000u\000s\000u\000a\000r\000i\000o}{section.3}% 12
\BOOKMARK [2][-]{subsection.3.2}{\376\377\000I\000n\000t\000e\000r\000f\000a\000z\000\040\000w\000e\000b}{section.3}% 13
\BOOKMARK [2][-]{subsection.3.3}{\376\377\000I\000n\000t\000e\000r\000f\000a\000z\000\040\000t\000\341\000c\000t\000i\000l}{section.3}% 14
\BOOKMARK [1][-]{section.4}{\376\377\000D\000e\000p\000u\000r\000a\000c\000i\000\363\000n\000\040\000y\000\040\000t\000e\000s\000t}{}% 15
\BOOKMARK [2][-]{subsection.4.1}{\376\377\000P\000r\000u\000e\000b\000a\000s\000\040\000s\000o\000f\000t\000w\000a\000r\000e}{section.4}% 16
\BOOKMARK [2][-]{subsection.4.2}{\376\377\000P\000r\000u\000e\000b\000a\000s\000\040\000h\000a\000r\000d\000w\000a\000r\000e}{section.4}% 17
\BOOKMARK [1][-]{section.5}{\376\377\000P\000r\000e\000s\000u\000p\000u\000e\000s\000t\000o\000\040\000f\000i\000n\000a\000l}{}% 18
\BOOKMARK [1][-]{section.6}{\376\377\000E\000q\000u\000i\000p\000o\000\040\000d\000e\000\040\000t\000r\000a\000b\000a\000j\000o}{}% 19
\BOOKMARK [1][-]{section.7}{\376\377\000A\000c\000r\000\363\000n\000i\000m\000o\000s\000\040\000u\000t\000i\000l\000i\000z\000a\000d\000o\000s}{}% 20
